<?xml version="1.0" encoding="UTF-8"?>
<testsuite name="visualobjects.ContainerTest" tests="35" skipped="0" failures="0" errors="0" timestamp="2017-04-12T17:30:12" hostname="DESKTOP-RV67H71" time="0.129">
  <properties/>
  <testcase name="deleteTwoAssTest" classname="visualobjects.ContainerTest" time="0.01"/>
  <testcase name="deleteAttributeTest" classname="visualobjects.ContainerTest" time="0.055"/>
  <testcase name="createClassTest" classname="visualobjects.ContainerTest" time="0.0"/>
  <testcase name="selectContainerTest" classname="visualobjects.ContainerTest" time="0.0"/>
  <testcase name="deleteTest1" classname="visualobjects.ContainerTest" time="0.001"/>
  <testcase name="deleteTest2" classname="visualobjects.ContainerTest" time="0.002"/>
  <testcase name="deleteTest3" classname="visualobjects.ContainerTest" time="0.001"/>
  <testcase name="deleteTest4" classname="visualobjects.ContainerTest" time="0.001"/>
  <testcase name="deleteTest5" classname="visualobjects.ContainerTest" time="0.0"/>
  <testcase name="deleteTest6" classname="visualobjects.ContainerTest" time="0.0"/>
  <testcase name="deleteMethodeTest" classname="visualobjects.ContainerTest" time="0.032"/>
  <testcase name="getParentTest" classname="visualobjects.ContainerTest" time="0.0"/>
  <testcase name="selectAttributeTest" classname="visualobjects.ContainerTest" time="0.001"/>
  <testcase name="constructorTest1" classname="visualobjects.ContainerTest" time="0.0"/>
  <testcase name="constructorTest2" classname="visualobjects.ContainerTest" time="0.0"/>
  <testcase name="clickOnClassTest1" classname="visualobjects.ContainerTest" time="0.001"/>
  <testcase name="clickOnClassTest2" classname="visualobjects.ContainerTest" time="0.0"/>
  <testcase name="selectAssTest" classname="visualobjects.ContainerTest" time="0.001"/>
  <testcase name="createClassesTest" classname="visualobjects.ContainerTest" time="0.0"/>
  <testcase name="selectMethodeTest" classname="visualobjects.ContainerTest" time="0.0"/>
  <testcase name="deleteClassTest" classname="visualobjects.ContainerTest" time="0.0"/>
  <testcase name="createTwoAssTest" classname="visualobjects.ContainerTest" time="0.005"/>
  <testcase name="isInTest1" classname="visualobjects.ContainerTest" time="0.0"/>
  <testcase name="isInTest2" classname="visualobjects.ContainerTest" time="0.0"/>
  <testcase name="isInTest3" classname="visualobjects.ContainerTest" time="0.0"/>
  <testcase name="isInTest4" classname="visualobjects.ContainerTest" time="0.0"/>
  <testcase name="selectedTest1" classname="visualobjects.ContainerTest" time="0.0"/>
  <testcase name="selectedTest2" classname="visualobjects.ContainerTest" time="0.0"/>
  <testcase name="selectedTest3" classname="visualobjects.ContainerTest" time="0.0"/>
  <testcase name="createClassTest2" classname="visualobjects.ContainerTest" time="0.0"/>
  <testcase name="createAssTest" classname="visualobjects.ContainerTest" time="0.0"/>
  <testcase name="deleteAssTest1" classname="visualobjects.ContainerTest" time="0.0"/>
  <testcase name="deleteAssTest2" classname="visualobjects.ContainerTest" time="0.006"/>
  <testcase name="deleteAssTest3" classname="visualobjects.ContainerTest" time="0.001"/>
  <testcase name="notCreateDoubleClassTest" classname="visualobjects.ContainerTest" time="0.0"/>
  <system-out><![CDATA[]]></system-out>
  <system-err><![CDATA[]]></system-err>
</testsuite>
