<?xml version="1.0" encoding="UTF-8"?>
<testsuite name="visualobjects.VisualClassTest" tests="12" skipped="0" failures="0" errors="0" timestamp="2017-03-27T09:36:33" hostname="PJ-PC" time="0.012">
  <properties/>
  <testcase name="addAttributeTest" classname="visualobjects.VisualClassTest" time="0.001"/>
  <testcase name="addMethodTest" classname="visualobjects.VisualClassTest" time="0.0"/>
  <testcase name="getParentTest" classname="visualobjects.VisualClassTest" time="0.0"/>
  <testcase name="createClassEditNameTest" classname="visualobjects.VisualClassTest" time="0.001"/>
  <testcase name="isInTest1" classname="visualobjects.VisualClassTest" time="0.0"/>
  <testcase name="isInTest2" classname="visualobjects.VisualClassTest" time="0.0"/>
  <testcase name="isInTest3" classname="visualobjects.VisualClassTest" time="0.0"/>
  <testcase name="isInTest4" classname="visualobjects.VisualClassTest" time="0.0"/>
  <testcase name="isInTest5" classname="visualobjects.VisualClassTest" time="0.001"/>
  <testcase name="isInTest6" classname="visualobjects.VisualClassTest" time="0.0"/>
  <testcase name="isInTest7" classname="visualobjects.VisualClassTest" time="0.001"/>
  <testcase name="addAssociationTest" classname="visualobjects.VisualClassTest" time="0.001"/>
  <system-out><![CDATA[]]></system-out>
  <system-err><![CDATA[]]></system-err>
</testsuite>
